<?xml version="1.0" encoding="UTF-8"?>
<!-- Generated by org.testng.reporters.JUnitReportReporter -->
<testsuite hostname="DESKTOP-VTS6CAM" failures="0" tests="9" name="Test.TestMethods" time="53.518" errors="0" timestamp="2021-10-30T15:52:27 EET" skipped="0">
  <testcase classname="Test.TestMethods" name="displaySuggestions" time="3.397"/>
  <system-out/>
  <testcase classname="Test.TestMethods" name="relatedResults" time="7.531"/>
  <system-out/>
  <testcase classname="Test.TestMethods" name="relatedSuggestions" time="4.585"/>
  <system-out/>
  <testcase classname="Test.TestMethods" name="selectSuggestion" time="6.431"/>
  <system-out/>
  <testcase classname="Test.TestMethods" name="clearOption" time="3.752"/>
  <system-out/>
  <testcase classname="Test.TestMethods" name="resultPageSearch" time="8.406"/>
  <system-out/>
  <testcase classname="Test.TestMethods" name="differnetSeachData" time="6.297"/>
  <system-out/>
  <testcase classname="Test.TestMethods" name="differnetSeachData" time="7.627"/>
  <system-out/>
  <testcase classname="Test.TestMethods" name="differnetSeachData" time="5.492"/>
  <system-out/>
</testsuite> <!-- Test.TestMethods -->
