<?xml version="1.0" encoding="UTF-8"?>
<!-- Generated by org.testng.reporters.JUnitReportReporter -->
<testsuite hostname="DESKTOP-VTS6CAM" failures="0" tests="9" name="Test.TestMethods" time="51.381" errors="0" timestamp="2021-10-30T16:40:22 EET" skipped="0">
  <testcase classname="Test.TestMethods" name="displaySuggestions" time="3.781"/>
  <system-out/>
  <testcase classname="Test.TestMethods" name="relatedResults" time="5.854"/>
  <system-out/>
  <testcase classname="Test.TestMethods" name="relatedSuggestions" time="4.637"/>
  <system-out/>
  <testcase classname="Test.TestMethods" name="selectSuggestion" time="5.942"/>
  <system-out/>
  <testcase classname="Test.TestMethods" name="clearOption" time="3.948"/>
  <system-out/>
  <testcase classname="Test.TestMethods" name="resultPageSearch" time="8.087"/>
  <system-out/>
  <testcase classname="Test.TestMethods" name="differnetSeachData" time="7.733"/>
  <system-out/>
  <testcase classname="Test.TestMethods" name="differnetSeachData" time="5.617"/>
  <system-out/>
  <testcase classname="Test.TestMethods" name="differnetSeachData" time="5.782"/>
  <system-out/>
</testsuite> <!-- Test.TestMethods -->
