<?xml version="1.0" encoding="UTF-8"?>
<!-- Generated by org.testng.reporters.JUnitReportReporter -->
<testsuite hostname="DESKTOP-VTS6CAM" failures="0" tests="3" name="Test.testMethod" time="34.351" errors="0" timestamp="2021-10-25T18:45:32 EET" skipped="0">
  <testcase classname="Test.testMethod" name="differnetSeachData" time="11.023"/>
  <system-out/>
  <testcase classname="Test.testMethod" name="differnetSeachData" time="11.161"/>
  <system-out/>
  <testcase classname="Test.testMethod" name="differnetSeachData" time="12.167"/>
  <system-out/>
</testsuite> <!-- Test.testMethod -->
